Watching for file changes with StatReloader
C:\Users\shaik\Desktop\pythonbase\python_base\search\urls.py changed, reloading.
Watching for file changes with StatReloader
C:\Users\shaik\Desktop\pythonbase\python_base\search\urls.py changed, reloading.
Watching for file changes with StatReloader
C:\Users\shaik\Desktop\pythonbase\python_base\search\urls.py changed, reloading.
Watching for file changes with StatReloader
C:\Users\shaik\Desktop\pythonbase\python_base\search\urls.py changed, reloading.
Watching for file changes with StatReloader
C:\Users\shaik\Desktop\pythonbase\python_base\search\urls.py changed, reloading.
Watching for file changes with StatReloader
C:\Users\shaik\Desktop\pythonbase\python_base\search\views.py changed, reloading.
Watching for file changes with StatReloader
C:\Users\shaik\Desktop\pythonbase\python_base\search\views.py changed, reloading.
Watching for file changes with StatReloader
C:\Users\shaik\Desktop\pythonbase\python_base\search\urls.py changed, reloading.
Watching for file changes with StatReloader
Watching for file changes with StatReloader
C:\Users\shaik\Desktop\pythonbase\python_base\search\views.py changed, reloading.
Watching for file changes with StatReloader
C:\Users\shaik\Desktop\pythonbase\python_base\search\urls.py changed, reloading.
Watching for file changes with StatReloader
C:\Users\shaik\Desktop\pythonbase\python_base\search\urls.py changed, reloading.
Watching for file changes with StatReloader
C:\Users\shaik\Desktop\pythonbase\python_base\search\urls.py changed, reloading.
Watching for file changes with StatReloader
C:\Users\shaik\Desktop\pythonbase\python_base\search\urls.py changed, reloading.
Watching for file changes with StatReloader
Watching for file changes with StatReloader
C:\Users\shaik\Desktop\pythonbase\python_base\python_base\settings.py changed, reloading.
Watching for file changes with StatReloader
C:\Users\shaik\Desktop\pythonbase\python_base\python_base\settings.py changed, reloading.
Watching for file changes with StatReloader
C:\Users\shaik\Desktop\pythonbase\python_base\python_base\settings.py changed, reloading.
Watching for file changes with StatReloader
C:\Users\shaik\Desktop\pythonbase\python_base\search\models.py changed, reloading.
Watching for file changes with StatReloader
C:\Users\shaik\Desktop\pythonbase\python_base\search\models.py changed, reloading.
Watching for file changes with StatReloader
C:\Users\shaik\Desktop\pythonbase\python_base\search\models.py changed, reloading.
Watching for file changes with StatReloader
Watching for file changes with StatReloader
Not Found: /voip
"GET /voip HTTP/1.1" 404 4318
Not Found: /favicon.ico
"GET /favicon.ico HTTP/1.1" 404 4339
C:\Users\shaik\Desktop\pythonbase\python_base\search\urls.py changed, reloading.
C:\Users\shaik\Desktop\pythonbase\python_base\search\urls.py changed, reloading.
Watching for file changes with StatReloader
Watching for file changes with StatReloader
C:\Users\shaik\Desktop\pythonbase\python_base\search\urls.py changed, reloading.
C:\Users\shaik\Desktop\pythonbase\python_base\search\urls.py changed, reloading.
Watching for file changes with StatReloader
Watching for file changes with StatReloader
C:\Users\shaik\Desktop\pythonbase\python_base\search\urls.py changed, reloading.
C:\Users\shaik\Desktop\pythonbase\python_base\search\urls.py changed, reloading.
Watching for file changes with StatReloader
Watching for file changes with StatReloader
C:\Users\shaik\Desktop\pythonbase\python_base\search\urls.py changed, reloading.
C:\Users\shaik\Desktop\pythonbase\python_base\search\urls.py changed, reloading.
Watching for file changes with StatReloader
Watching for file changes with StatReloader
C:\Users\shaik\Desktop\pythonbase\python_base\search\urls.py changed, reloading.
Watching for file changes with StatReloader
Watching for file changes with StatReloader
C:\Users\shaik\Desktop\pythonbase\python_base\search\urls.py changed, reloading.
C:\Users\shaik\Desktop\pythonbase\python_base\search\urls.py changed, reloading.
Watching for file changes with StatReloader
Watching for file changes with StatReloader
Forbidden (CSRF cookie not set.): /send-message/
"POST /send-message/ HTTP/1.1" 403 2870
C:\Users\shaik\Desktop\pythonbase\python_base\search\views.py changed, reloading.
C:\Users\shaik\Desktop\pythonbase\python_base\search\views.py changed, reloading.
Watching for file changes with StatReloader
Watching for file changes with StatReloader
Internal Server Error: /send-message/
"POST /send-message/ HTTP/1.1" 500 558
"GET /get-all-phones/ HTTP/1.1" 200 25
Internal Server Error: /make-calls/
"POST /make-calls/ HTTP/1.1" 500 555
C:\Users\shaik\Desktop\pythonbase\python_base\python_base\settings.py changed, reloading.
Watching for file changes with StatReloader
Watching for file changes with StatReloader
Internal Server Error: /make-calls/
"POST /make-calls/ HTTP/1.1" 500 101
Internal Server Error: /send-message/
"POST /send-message/ HTTP/1.1" 500 101
C:\Users\shaik\Desktop\pythonbase\python_base\python_base\settings.py changed, reloading.
Watching for file changes with StatReloader
C:\Users\shaik\Desktop\pythonbase\python_base\python_base\settings.py changed, reloading.
Watching for file changes with StatReloader
C:\Users\shaik\Desktop\pythonbase\python_base\python_base\settings.py changed, reloading.
Watching for file changes with StatReloader
C:\Users\shaik\Desktop\pythonbase\python_base\python_base\settings.py changed, reloading.
Watching for file changes with StatReloader
Watching for file changes with StatReloader
Internal Server Error: /send-message/
"POST /send-message/ HTTP/1.1" 500 558
C:\Users\shaik\Desktop\pythonbase\python_base\python_base\settings.py changed, reloading.
Watching for file changes with StatReloader
C:\Users\shaik\Desktop\pythonbase\python_base\python_base\settings.py changed, reloading.
Watching for file changes with StatReloader
C:\Users\shaik\Desktop\pythonbase\python_base\python_base\settings.py changed, reloading.
Watching for file changes with StatReloader
Watching for file changes with StatReloader
Internal Server Error: /send-message/
"POST /send-message/ HTTP/1.1" 500 558
C:\Users\shaik\Desktop\pythonbase\python_base\python_base\settings.py changed, reloading.
Watching for file changes with StatReloader
C:\Users\shaik\Desktop\pythonbase\python_base\search\urls.py changed, reloading.
